<?xml version="1.0" encoding="UTF-8"?>
<!-- Generated by org.testng.reporters.JUnitReportReporter -->
<testsuite skipped="0" hostname="DESKTOP-SC8SQNQ" name="pkgtestng.Testngfile" tests="1" failures="0" timestamp="25 Apr 2018 14:13:55 GMT" time="36.628" errors="0">
  <testcase name="test" time="36.628" classname="pkgtestng.Testngfile"/>
</testsuite> <!-- pkgtestng.Testngfile -->
